
start.elf:     file format elf32-littlearm


Disassembly of section .text:

20000000 <start>:
@ start

start: 	LDR	R0, =0x55555555
20000000:	4803      	ldr	r0, [pc, #12]	; (20000010 <main+0x6>)
	LDR	R1, =0x40020C00	@ Konfigurationsport D
20000002:	4904      	ldr	r1, [pc, #16]	; (20000014 <main+0xa>)
	STR	R0, [R1]
20000004:	6008      	str	r0, [r1, #0]
	LDR	R1, =0x40020C14	@ Utport GPIO D
20000006:	4904      	ldr	r1, [pc, #16]	; (20000018 <main+0xe>)

 	MOV	R0, #0x1
20000008:	2001      	movs	r0, #1

2000000a <main>:
main:	STR	R0, [R1]
2000000a:	6008      	str	r0, [r1, #0]
	LSL	R0, #1
2000000c:	0040      	lsls	r0, r0, #1
2000000e:	e7fc      	b.n	2000000a <main>
20000010:	55555555 	.word	0x55555555
20000014:	40020c00 	.word	0x40020c00
20000018:	40020c14 	.word	0x40020c14

2000001c <__bss_end__>:
	...

20001000 <heap_low>:
	...

20001800 <heap_top>:
	...