
fighter.elf:     file format elf32-littlearm


Disassembly of section .text:

20000000 <main>:


main:
	ldr	r0,=wizard
20000000:	480d      	ldr	r0, [pc, #52]	; (20000038 <wizard+0xc>)

20000002 <GetDamage>:
	

@ int GetDamage(Monster * m)
GetDamage:
	ldrb	r1,[r0,#0]
20000002:	7801      	ldrb	r1, [r0, #0]
	cmp	r1,#0
20000004:	2900      	cmp	r1, #0
	bne	Wizard
20000006:	d103      	bne.n	20000010 <Wizard>

20000008 <Fighter>:
Fighter:
	ldr	r1,[r0,#4]	@ m->stregnth -> r1
20000008:	6841      	ldr	r1, [r0, #4]
	ldrh	r2,[r0,#8]	@ m->agility ->r2
2000000a:	8902      	ldrh	r2, [r0, #8]
	add	r0,r1,r2
2000000c:	1888      	adds	r0, r1, r2
	bx	lr
2000000e:	4770      	bx	lr

20000010 <Wizard>:
Wizard:
	ldr	r1,[r0,#4]	@ m->mana_points -> r1
20000010:	6841      	ldr	r1, [r0, #4]
	ldrh	r2,[r0,#8]	@ m->hat_size -> r1
20000012:	8902      	ldrh	r2, [r0, #8]
	@ldrb	r3,[r1,#10]	@ doesn't work because only multiples of
	add	r0,#10
20000014:	300a      	adds	r0, #10
	ldrb	r3,[r0]
20000016:	7803      	ldrb	r3, [r0, #0]
	add	r0,r1,r2
20000018:	1888      	adds	r0, r1, r2
	add	r0,r3
2000001a:	18c0      	adds	r0, r0, r3
	bx	lr
2000001c:	4770      	bx	lr
2000001e:	46c0      	nop			; (mov r8, r8)

20000020 <fighter>:
20000020:	00000000 	.word	0x00000000
20000024:	0000000a 	.word	0x0000000a
20000028:	00000005 	.word	0x00000005

2000002c <wizard>:
2000002c:	00000001 	.word	0x00000001
20000030:	00000006 	.word	0x00000006
20000034:	000a0003 	.word	0x000a0003
20000038:	2000002c 	.word	0x2000002c

2000003c <__bss_end__>:
	...

20001000 <heap_low>:
	...

20001800 <heap_top>:
	...