
190823_uppg1.elf:     file format elf32-littlearm


Disassembly of section .text:

20000000 <j>:

@ char vecc[80];
vecc:		.SPACE	80
		.ALIGN
@ vecc[j]->R0
		LDR	R0,=j
20000000:	00000000 	.word	0x00000000

20000004 <vecc>:
	...
20000054:	4801      	ldr	r0, [pc, #4]	; (2000005c <vecc+0x58>)
		LDR	R0,[R0]
20000056:	6800      	ldr	r0, [r0, #0]
		LDR	R1,=vecc
20000058:	4901      	ldr	r1, [pc, #4]	; (20000060 <vecc+0x5c>)
		STRB	R0,[R1,R0]
2000005a:	5408      	strb	r0, [r1, r0]
2000005c:	20000000 	.word	0x20000000
20000060:	20000004 	.word	0x20000004

20000064 <__bss_end__>:
	...

20001000 <heap_low>:
	...

20001800 <heap_top>:
	...