
mom3.elf:     file format elf32-littlearm


Disassembly of section .text:

20000000 <i-0xc>:
@
@ mom3.asm
@

	LDR	R1,=i
20000000:	4904      	ldr	r1, [pc, #16]	; (20000014 <c+0x2>)
	LDR	R0,=0x3E000
20000002:	4805      	ldr	r0, [pc, #20]	; (20000018 <c+0x6>)
	STR	R0,[R1]
20000004:	6008      	str	r0, [r1, #0]
	LDRH	R2,=s
20000006:	4a05      	ldr	r2, [pc, #20]	; (2000001c <c+0xa>)
	LDR	R0,[R1]
20000008:	6808      	ldr	r0, [r1, #0]
	STRH	R0,[R2]
2000000a:	8010      	strh	r0, [r2, #0]

2000000c <i>:
2000000c:	00000000 	.word	0x00000000

20000010 <s>:
	...

20000012 <c>:
20000012:	0000      	.short	0x0000
20000014:	2000000c 	.word	0x2000000c
20000018:	0003e000 	.word	0x0003e000
2000001c:	20000010 	.word	0x20000010

20000020 <__bss_end__>:
	...

20001000 <heap_low>:
	...

20001800 <heap_top>:
	...