
mom4.elf:     file format elf32-littlearm


Disassembly of section .text:

20000000 <s-0x10>:
@
@ mom4.asm
@

	LDR	R1,=c
20000000:	4904      	ldr	r1, [pc, #16]	; (20000014 <c+0x2>)
	LDRB	R0,=0x80
20000002:	4805      	ldr	r0, [pc, #20]	; (20000018 <c+0x6>)
	STRB	R0,[R1]
20000004:	7008      	strb	r0, [r1, #0]
	LDR	R2,=s
20000006:	4a05      	ldr	r2, [pc, #20]	; (2000001c <c+0xa>)
	LDR	R3,=0
20000008:	4b05      	ldr	r3, [pc, #20]	; (20000020 <c+0xe>)
	LDRB	R0,[R1,R3]
2000000a:	5cc8      	ldrb	r0, [r1, r3]
	STRH	R0,[R2]
2000000c:	8010      	strh	r0, [r2, #0]
2000000e:	46c0      	nop			; (mov r8, r8)

20000010 <s>:
	...

20000012 <c>:
20000012:	0000      	.short	0x0000
20000014:	20000012 	.word	0x20000012
20000018:	00000080 	.word	0x00000080
2000001c:	20000010 	.word	0x20000010
20000020:	00000000 	.word	0x00000000

20000024 <__bss_end__>:
	...

20001000 <heap_low>:
	...

20001800 <heap_top>:
	...